<?xml version="1.0" encoding="UTF-8"?>
<testsuite xmlns:xsi="http://www.w3.org/2001/XMLSchema-instance" xsi:noNamespaceSchemaLocation="https://maven.apache.org/surefire/maven-surefire-plugin/xsd/surefire-test-report.xsd" name="com.nackademin.teau.lectures_demos_calculator.CalculatorTest" time="0.042" tests="2" errors="0" skipped="0" failures="0">
  <properties>
[...]
</properties>
  <testcase name="testAddition" classname="com.nackademin.teau.lectures_demos_calculator.CalculatorTest" time="0.012"/>
  <testcase name="testSubtraction" classname="com.nackademin.teau.lectures_demos_calculator.CalculatorTest" time="0.009"/>
</testsuite>